<?xml version="1.0" encoding="UTF-8" ?>
<testsuite errors="0" failures="0" hostname="DESKTOP-FVKO3N4" name="utilities.CalculateInterestTest" skipped="0" tests="4" time="4.128" timestamp="2023-04-25T12:49:00">
  <properties>
[...]
</properties>
  <testcase classname="utilities.CalculateInterestTest" name="testcase1" time="3.838" />
  <testcase classname="utilities.CalculateInterestTest" name="testcase2" time="0.008" />
  <testcase classname="utilities.CalculateInterestTest" name="testcase3" time="0.009" />
  <testcase classname="utilities.CalculateInterestTest" name="getLaiHienTaiCuaSoTietKiem" time="0.134" />
  <system-out><![CDATA[]]></system-out>
  <system-err><![CDATA[Loading class `com.mysql.jdbc.Driver'. This is deprecated. The new driver class is `com.mysql.cj.jdbc.Driver'. The driver is automatically registered via the SPI and manual loading of the driver class is generally unnecessary.
]]></system-err>
</testsuite>
